28.3.2022, 17:12:23 - INFO - Server is running on port: 3030
29.3.2022, 11:39:46 - INFO - Server is running on port: 3030
29.3.2022, 14:59:21 - INFO - Server is running on port: 3030
29.3.2022, 15:03:47 - INFO - Req!!!
29.3.2022, 15:04:57 - INFO - Req!!!
29.3.2022, 15:10:56 - INFO - Server is running on port: 3030
29.3.2022, 15:11:08 - INFO - Req!!!
29.3.2022, 15:11:59 - INFO - Server is running on port: 3030
29.3.2022, 15:12:08 - INFO - Req!!!
29.3.2022, 15:12:29 - INFO - Server is running on port: 3030
29.3.2022, 15:12:36 - INFO - Req!!!
29/03/2022, 15:19:19 - INFO - Server is running on port: 3030
29/03/2022, 15:19:39 - INFO - Req!!!
29/03/2022, 15:22:54 - INFO - Req!!!
29/03/2022, 15:23:01 - INFO - Req!!!
29/03/2022, 15:24:53 - INFO - Req!!!
29/03/2022, 15:25:34 - INFO - Req!!!
29/03/2022, 15:28:21 - INFO - Req!!!
29/03/2022, 15:29:37 - INFO - Req!!!
29/03/2022, 15:30:16 - INFO - Req!!!
29/03/2022, 15:31:26 - INFO - Req!!!
29/03/2022, 15:32:11 - INFO - Req!!!
29/03/2022, 15:32:21 - INFO - Req!!!
29/03/2022, 15:32:40 - INFO - Req!!!
29/03/2022, 15:33:42 - INFO - Req!!!
29/03/2022, 15:33:47 - INFO - Req!!!
29/03/2022, 15:37:18 - INFO - Req!!!
29/03/2022, 15:40:46 - INFO - Req!!!
29/03/2022, 15:41:24 - INFO - Server is running on port: 3030
29/03/2022, 15:41:49 - INFO - Req!!!
29/03/2022, 15:42:06 - INFO - Req!!!
29/03/2022, 15:42:50 - INFO - Req!!!
29/03/2022, 15:42:51 - INFO - Req!!!
29/03/2022, 15:45:41 - INFO - Req!!!
29/03/2022, 15:46:16 - INFO - Req!!!
29/03/2022, 15:47:19 - INFO - Req!!!
29/03/2022, 15:47:38 - INFO - Req!!!
29/03/2022, 15:47:44 - INFO - Req!!!
29/03/2022, 15:48:39 - INFO - Req!!!
29/03/2022, 15:48:44 - INFO - Req!!!
29/03/2022, 15:49:52 - INFO - Req!!!
29/03/2022, 15:50:27 - INFO - Req!!!
29/03/2022, 15:50:35 - INFO - Req!!!
29/03/2022, 15:52:40 - INFO - Req!!!
29/03/2022, 15:54:56 - INFO - Req!!!
29/03/2022, 15:55:43 - INFO - Req!!!
29/03/2022, 15:58:47 - INFO - Req!!!
29.3.2022, 16:20:15 - INFO - Server is running on port: 3030
29.3.2022, 16:27:43 - INFO - Server is running on port: 3030
29.3.2022, 16:33:54 - INFO - Req!!!
29.3.2022, 16:36:26 - INFO - Req!!!
29.3.2022, 16:48:06 - INFO - Req!!!
29.3.2022, 16:48:50 - INFO - Req!!!
29.3.2022, 16:49:27 - INFO - Req!!!
29.3.2022, 16:52:05 - INFO - Req!!!
29.3.2022, 16:53:12 - INFO - Server is running on port: 3030
29.3.2022, 16:55:36 - INFO - Req!!!
29.3.2022, 16:58:09 - INFO - Server is running on port: 3030
29.3.2022, 16:58:20 - INFO - Req!!!
29.3.2022, 16:59:44 - INFO - Server is running on port: 3030
29.3.2022, 16:59:49 - INFO - Req!!!
29.3.2022, 17:00:28 - INFO - Server is running on port: 3030
29.3.2022, 17:00:29 - INFO - Req!!!
29.3.2022, 17:01:12 - INFO - Server is running on port: 3030
29.3.2022, 17:01:14 - INFO - Req!!!
29.3.2022, 17:03:09 - INFO - Server is running on port: 3030
29.3.2022, 17:03:11 - INFO - Req!!!
29/03/2022, 17:21:37 - INFO - Server is running on port: 3030
29/03/2022, 17:21:58 - INFO - Req!!!
29/03/2022, 17:22:22 - INFO - Req!!!
29/03/2022, 17:22:50 - INFO - Req!!!
29/03/2022, 17:25:59 - INFO - Req!!!
29/03/2022, 17:27:05 - INFO - Req!!!
29/03/2022, 17:27:44 - INFO - Req!!!
29/03/2022, 17:28:19 - INFO - Req!!!
29/03/2022, 17:32:27 - INFO - Req!!!
29/03/2022, 17:32:39 - INFO - Req!!!
29/03/2022, 17:35:56 - INFO - Req!!!
29/03/2022, 17:38:14 - INFO - Req!!!
29/03/2022, 17:40:55 - INFO - Req!!!
29/03/2022, 17:41:48 - INFO - Req!!!
29/03/2022, 18:03:36 - INFO - Req!!!
29/03/2022, 18:04:09 - INFO - Req!!!
29/03/2022, 18:07:03 - INFO - Req!!!
29/03/2022, 18:08:48 - INFO - Req!!!
29/03/2022, 18:08:56 - INFO - Req!!!
29/03/2022, 18:09:24 - INFO - Req!!!
29/03/2022, 18:09:37 - INFO - Req!!!
29/03/2022, 18:13:12 - INFO - Req!!!
29/03/2022, 18:14:17 - INFO - Req!!!
29/03/2022, 18:14:23 - INFO - Req!!!
29/03/2022, 18:14:35 - INFO - Req!!!
29/03/2022, 18:14:43 - INFO - Req!!!
29/03/2022, 18:15:16 - INFO - Req!!!
29/03/2022, 18:15:24 - INFO - Req!!!
29/03/2022, 18:28:21 - INFO - Req!!!
29/03/2022, 18:28:29 - INFO - Req!!!
29/03/2022, 18:34:57 - INFO - Req!!!
29/03/2022, 18:35:04 - INFO - Req!!!
29/03/2022, 18:40:27 - INFO - Req!!!
29/03/2022, 18:40:36 - INFO - Req!!!
29/03/2022, 18:41:01 - INFO - Req!!!
29/03/2022, 18:41:06 - INFO - Req!!!
29/03/2022, 18:43:35 - INFO - Req!!!
29/03/2022, 18:43:46 - INFO - Req!!!
29/03/2022, 18:47:16 - INFO - Req!!!
29/03/2022, 18:47:22 - INFO - Req!!!
29/03/2022, 18:49:56 - INFO - Req!!!
29/03/2022, 18:50:01 - INFO - Req!!!
29/03/2022, 18:50:54 - INFO - Req!!!
29/03/2022, 18:52:02 - INFO - Req!!!
29/03/2022, 18:52:09 - INFO - Req!!!
29/03/2022, 18:52:11 - INFO - Req!!!
29/03/2022, 18:52:19 - INFO - Req!!!
29/03/2022, 18:53:12 - INFO - Req!!!
29/03/2022, 18:55:53 - INFO - Req!!!
29/03/2022, 18:56:00 - INFO - Req!!!
29/03/2022, 18:56:34 - INFO - Req!!!
29/03/2022, 18:56:41 - INFO - Req!!!
29/03/2022, 18:56:51 - INFO - Req!!!
29/03/2022, 18:58:06 - INFO - Req!!!
29/03/2022, 18:58:48 - INFO - Req!!!
29/03/2022, 18:58:56 - INFO - Req!!!
29/03/2022, 19:01:04 - INFO - Server is running on port: 3030
29/03/2022, 19:01:27 - INFO - Req!!!
29/03/2022, 19:02:37 - INFO - Req!!!
29/03/2022, 19:06:03 - INFO - Req!!!
29/03/2022, 19:06:29 - INFO - Req!!!
29/03/2022, 19:06:35 - INFO - Req!!!
29/03/2022, 19:07:18 - INFO - Req!!!
29/03/2022, 19:09:30 - INFO - Req!!!
29/03/2022, 19:12:30 - INFO - Req!!!
29/03/2022, 19:12:37 - INFO - Req!!!
29/03/2022, 19:13:24 - INFO - Req!!!
29/03/2022, 19:13:55 - INFO - Req!!!
29/03/2022, 19:14:42 - INFO - Req!!!
29/03/2022, 19:15:52 - INFO - Req!!!
29/03/2022, 19:16:55 - INFO - Req!!!
29/03/2022, 19:16:55 - ERROR - Failed to get stay | {}
29/03/2022, 19:20:29 - INFO - Req!!!
29/03/2022, 19:20:36 - INFO - Req!!!
29/03/2022, 19:21:38 - INFO - Req!!!
29/03/2022, 19:21:43 - INFO - Req!!!
29/03/2022, 19:22:14 - INFO - Req!!!
29/03/2022, 19:22:14 - ERROR - Failed to get stay | {}
29/03/2022, 19:29:11 - INFO - Req!!!
29/03/2022, 19:29:25 - INFO - Req!!!
29/03/2022, 19:29:32 - INFO - Req!!!
29/03/2022, 19:29:45 - INFO - Req!!!
29/03/2022, 19:29:45 - ERROR - Failed to get stay | {}
29/03/2022, 19:32:25 - INFO - Req!!!
29/03/2022, 19:32:26 - INFO - Req!!!
29/03/2022, 19:32:26 - ERROR - Failed to get stay | {}
29/03/2022, 19:32:30 - INFO - Req!!!
29/03/2022, 19:32:37 - INFO - Req!!!
29/03/2022, 19:32:37 - ERROR - Failed to get stay | {}
29/03/2022, 19:34:25 - INFO - Server is running on port: 3030
29/03/2022, 19:34:40 - INFO - Req!!!
29/03/2022, 19:34:40 - INFO - Req!!!
29/03/2022, 19:34:40 - ERROR - Failed to get stay | {}
29/03/2022, 19:34:46 - INFO - Req!!!
29/03/2022, 19:35:00 - INFO - Req!!!
29/03/2022, 19:35:00 - ERROR - Failed to get stay | {}
29/03/2022, 19:36:10 - INFO - Server is running on port: 3030
29/03/2022, 19:36:36 - INFO - Server is running on port: 3030
29/03/2022, 19:36:44 - INFO - Server is running on port: 3030
29/03/2022, 19:36:58 - INFO - Req!!!
29/03/2022, 19:36:58 - INFO - Req!!!
29/03/2022, 19:36:58 - ERROR - Failed to get stay | {}
29/03/2022, 19:37:13 - INFO - Req!!!
29/03/2022, 19:37:18 - INFO - Req!!!
29/03/2022, 19:37:18 - ERROR - Failed to get stay | {}
29/03/2022, 19:37:55 - INFO - Server is running on port: 3030
29/03/2022, 19:37:56 - INFO - Req!!!
29/03/2022, 19:37:57 - INFO - Req!!!
29/03/2022, 19:37:57 - ERROR - Failed to get stay | {}
29/03/2022, 19:38:02 - INFO - Req!!!
29/03/2022, 19:38:08 - INFO - Req!!!
29/03/2022, 19:38:08 - ERROR - Failed to get stay | {}
29/03/2022, 19:39:12 - INFO - Server is running on port: 3030
29/03/2022, 19:39:17 - INFO - Req!!!
29/03/2022, 19:39:18 - INFO - Req!!!
29/03/2022, 19:39:18 - ERROR - Failed to get stay | {}
29/03/2022, 19:39:24 - INFO - Req!!!
29/03/2022, 19:39:30 - INFO - Req!!!
29/03/2022, 19:39:30 - ERROR - Failed to get stay | {}
29/03/2022, 19:41:02 - INFO - Server is running on port: 3030
29/03/2022, 19:41:19 - INFO - Req!!!
29/03/2022, 19:41:19 - INFO - Req!!!
29/03/2022, 19:41:19 - ERROR - Failed to get stay | {}
29/03/2022, 19:41:24 - INFO - Req!!!
29/03/2022, 19:41:31 - INFO - Req!!!
29/03/2022, 19:41:31 - ERROR - Failed to get stay | {}
29/03/2022, 19:42:28 - INFO - Server is running on port: 3030
29/03/2022, 19:42:32 - INFO - Req!!!
29/03/2022, 19:42:32 - INFO - Req!!!
29/03/2022, 19:42:32 - ERROR - Failed to get stay | {}
29/03/2022, 19:43:26 - INFO - Req!!!
29/03/2022, 19:43:26 - INFO - Req!!!
29/03/2022, 19:43:26 - ERROR - Failed to get stay | {}
29/03/2022, 19:43:30 - INFO - Req!!!
29/03/2022, 19:43:36 - INFO - Req!!!
29/03/2022, 19:43:36 - ERROR - Failed to get stay | {}
29/03/2022, 19:44:14 - INFO - Server is running on port: 3030
29/03/2022, 19:44:16 - INFO - Req!!!
29/03/2022, 19:44:24 - INFO - Req!!!
29.3.2022, 19:50:42 - INFO - Server is running on port: 3030
29.3.2022, 19:52:46 - INFO - Req!!!
29.3.2022, 19:53:08 - INFO - Req!!!
29.3.2022, 19:53:30 - INFO - Req!!!
29.3.2022, 19:53:51 - INFO - Req!!!
3/29/2022, 8:14:10 PM - INFO - Server is running on port: 3030
3/29/2022, 8:15:49 PM - INFO - Req!!!
3/29/2022, 8:16:25 PM - INFO - Req!!!
3/29/2022, 8:16:30 PM - INFO - Req!!!
3/29/2022, 8:16:45 PM - INFO - Req!!!
3/29/2022, 8:18:13 PM - INFO - Req!!!
3/29/2022, 8:18:27 PM - INFO - Req!!!
3/29/2022, 8:23:29 PM - INFO - Req!!!
3/29/2022, 8:24:13 PM - INFO - Req!!!
3/29/2022, 8:25:48 PM - INFO - Server is running on port: 3030
3/29/2022, 8:26:30 PM - INFO - Req!!!
3/29/2022, 8:28:10 PM - INFO - Req!!!
3/29/2022, 8:35:13 PM - INFO - Req!!!
3/29/2022, 8:35:35 PM - INFO - Req!!!
3/29/2022, 8:38:10 PM - INFO - Req!!!
3/29/2022, 8:40:05 PM - INFO - Req!!!
3/29/2022, 8:43:36 PM - INFO - Req!!!
3/29/2022, 8:44:38 PM - INFO - Req!!!
3/29/2022, 8:45:23 PM - INFO - Req!!!
3/29/2022, 8:58:49 PM - INFO - Server is running on port: 3030
3/29/2022, 8:59:25 PM - INFO - Req!!!
3/29/2022, 8:59:56 PM - INFO - Req!!!
3/29/2022, 9:04:36 PM - INFO - Server is running on port: 3030
3/29/2022, 9:06:16 PM - INFO - Req!!!
3/29/2022, 9:06:27 PM - INFO - Req!!!
3/29/2022, 9:06:32 PM - INFO - Req!!!
3/29/2022, 9:38:27 PM - INFO - Req!!!
3/29/2022, 9:49:22 PM - INFO - Server is running on port: 3030
3/29/2022, 9:49:55 PM - INFO - Req!!!
3/29/2022, 9:52:03 PM - INFO - Req!!!
3/29/2022, 9:52:05 PM - INFO - Req!!!
3/29/2022, 9:52:22 PM - INFO - Req!!!
3/29/2022, 9:52:31 PM - INFO - Req!!!
3/29/2022, 9:55:45 PM - INFO - Server is running on port: 3030
3/29/2022, 9:56:06 PM - INFO - Req!!!
3/29/2022, 9:56:07 PM - INFO - Req!!!
3/29/2022, 9:56:54 PM - INFO - Req!!!
3/29/2022, 9:58:54 PM - INFO - Server is running on port: 3030
3/29/2022, 9:59:35 PM - INFO - Req!!!
3/29/2022, 9:59:52 PM - INFO - Req!!!
3/29/2022, 10:00:07 PM - INFO - Req!!!
3/29/2022, 10:02:51 PM - INFO - Req!!!
3/29/2022, 10:03:11 PM - INFO - Req!!!
3/29/2022, 10:04:55 PM - INFO - Server is running on port: 3030
3/29/2022, 10:05:08 PM - INFO - Req!!!
3/29/2022, 10:05:26 PM - INFO - Req!!!
3/29/2022, 10:05:44 PM - INFO - Req!!!
3/29/2022, 10:09:36 PM - INFO - Server is running on port: 3030
3/29/2022, 10:09:41 PM - INFO - Req!!!
3/29/2022, 10:10:02 PM - INFO - Req!!!
3/29/2022, 10:28:08 PM - INFO - Req!!!
3/29/2022, 10:42:09 PM - INFO - Req!!!
3/29/2022, 10:53:55 PM - INFO - Req!!!
3/29/2022, 10:54:19 PM - INFO - Req!!!
3/29/2022, 10:58:06 PM - INFO - Req!!!
3/29/2022, 11:28:45 PM - INFO - Req!!!
3/29/2022, 11:50:12 PM - INFO - Req!!!
3/29/2022, 11:51:39 PM - INFO - Req!!!
3/29/2022, 11:52:43 PM - INFO - Req!!!
3/29/2022, 11:59:34 PM - INFO - Req!!!
3/30/2022, 12:01:44 AM - INFO - Req!!!
3/30/2022, 12:07:25 AM - INFO - Req!!!
3/30/2022, 12:42:35 AM - INFO - Req!!!
3/30/2022, 8:46:44 AM - INFO - Req!!!
3/30/2022, 9:04:51 AM - INFO - Server is running on port: 3030
3/30/2022, 9:12:19 AM - INFO - Server is running on port: 3030
3/30/2022, 9:12:36 AM - INFO - Req!!!
3/30/2022, 9:13:04 AM - INFO - Req!!!
3/30/2022, 9:25:13 AM - INFO - Req!!!
3/30/2022, 9:37:43 AM - INFO - Req!!!
3/30/2022, 9:41:38 AM - INFO - Req!!!
3/30/2022, 10:13:09 AM - INFO - Req!!!
3/30/2022, 10:13:22 AM - INFO - Req!!!
3/30/2022, 10:15:59 AM - INFO - Req!!!
3/30/2022, 10:16:04 AM - INFO - Req!!!
3/30/2022, 11:30:51 AM - INFO - Req!!!
3/30/2022, 11:35:08 AM - INFO - Req!!!
3/30/2022, 11:35:10 AM - INFO - Req!!!
3/30/2022, 11:47:14 AM - INFO - Req!!!
3/30/2022, 11:50:01 AM - INFO - Req!!!
3/30/2022, 11:50:54 AM - INFO - Req!!!
3/30/2022, 11:51:15 AM - INFO - Req!!!
3/30/2022, 12:53:04 PM - INFO - Req!!!
3/30/2022, 12:59:15 PM - INFO - Req!!!
3/30/2022, 12:59:38 PM - INFO - Req!!!
3/30/2022, 12:59:41 PM - INFO - Req!!!
3/30/2022, 1:00:13 PM - INFO - Req!!!
3/30/2022, 1:00:16 PM - INFO - Req!!!
3/30/2022, 1:11:03 PM - INFO - Req!!!
3/30/2022, 1:11:05 PM - INFO - Req!!!
3/30/2022, 1:11:32 PM - INFO - Req!!!
3/30/2022, 1:11:34 PM - INFO - Req!!!
3/30/2022, 1:13:17 PM - INFO - Req!!!
3/30/2022, 1:13:19 PM - INFO - Req!!!
3/30/2022, 1:14:02 PM - INFO - Req!!!
3/30/2022, 1:14:03 PM - INFO - Req!!!
3/30/2022, 1:16:13 PM - INFO - Req!!!
3/30/2022, 1:16:15 PM - INFO - Req!!!
3/30/2022, 1:25:55 PM - INFO - Req!!!
3/30/2022, 1:25:57 PM - INFO - Req!!!
3/30/2022, 1:58:09 PM - INFO - Req!!!
3/30/2022, 2:01:31 PM - INFO - Req!!!
3/30/2022, 2:01:37 PM - INFO - Req!!!
3/30/2022, 2:19:30 PM - INFO - Req!!!
3/30/2022, 2:19:37 PM - INFO - Req!!!
3/30/2022, 2:21:55 PM - INFO - Req!!!
3/30/2022, 2:21:55 PM - INFO - Req!!!
3/30/2022, 2:24:36 PM - INFO - Req!!!
3/30/2022, 2:24:36 PM - INFO - Req!!!
3/30/2022, 2:39:19 PM - INFO - Req!!!
3/30/2022, 2:39:42 PM - INFO - Req!!!
3/30/2022, 3:25:49 PM - INFO - Req!!!
3/30/2022, 3:26:47 PM - INFO - Req!!!
3/30/2022, 3:27:47 PM - INFO - Req!!!
3/30/2022, 3:27:50 PM - INFO - Req!!!
3/30/2022, 3:27:51 PM - INFO - Req!!!
3/30/2022, 5:58:03 PM - INFO - Req!!!
3/30/2022, 5:58:11 PM - INFO - Req!!!
3/30/2022, 5:58:19 PM - INFO - Req!!!
3/30/2022, 5:58:23 PM - INFO - Req!!!
3/30/2022, 5:58:29 PM - INFO - Req!!!
3/30/2022, 5:59:00 PM - INFO - Req!!!
3/30/2022, 5:59:02 PM - INFO - Req!!!
3/30/2022, 5:59:43 PM - INFO - Req!!!
3/30/2022, 5:59:47 PM - INFO - Req!!!
3/30/2022, 5:59:53 PM - INFO - Req!!!
3/30/2022, 5:59:55 PM - INFO - Req!!!
3/30/2022, 5:59:56 PM - INFO - Req!!!
3/30/2022, 6:00:09 PM - INFO - Req!!!
3/30/2022, 6:00:15 PM - INFO - Req!!!
3/30/2022, 6:00:39 PM - INFO - Req!!!
3/30/2022, 6:10:54 PM - INFO - Req!!!
3/30/2022, 6:10:55 PM - INFO - Req!!!
3/30/2022, 6:39:24 PM - INFO - Req!!!
3/30/2022, 6:39:39 PM - INFO - Req!!!
3/30/2022, 7:18:48 PM - INFO - Req!!!
3/30/2022, 7:18:51 PM - INFO - Req!!!
3/30/2022, 7:18:51 PM - INFO - Req!!!
3/30/2022, 7:19:15 PM - INFO - Req!!!
3/30/2022, 7:19:18 PM - INFO - Req!!!
3/30/2022, 7:57:07 PM - INFO - Req!!!
3/30/2022, 7:57:14 PM - INFO - Req!!!
3/30/2022, 8:22:01 PM - INFO - Req!!!
3/30/2022, 9:36:26 PM - INFO - Req!!!
3/30/2022, 9:38:12 PM - INFO - Req!!!
3/30/2022, 9:53:55 PM - INFO - Req!!!
3/30/2022, 9:56:06 PM - INFO - Req!!!
3/30/2022, 9:56:09 PM - INFO - Req!!!
3/30/2022, 9:57:21 PM - INFO - Req!!!
3/30/2022, 9:57:23 PM - INFO - Req!!!
3/30/2022, 10:09:04 PM - INFO - Req!!!
3/30/2022, 10:09:07 PM - INFO - Req!!!
3/30/2022, 10:09:10 PM - INFO - Req!!!
3/30/2022, 10:09:12 PM - INFO - Req!!!
3/30/2022, 10:09:16 PM - INFO - Req!!!
3/30/2022, 10:09:20 PM - INFO - Req!!!
3/30/2022, 10:17:12 PM - INFO - Req!!!
3/30/2022, 10:17:24 PM - INFO - Req!!!
3/30/2022, 10:17:29 PM - INFO - Req!!!
3/30/2022, 10:17:35 PM - INFO - Req!!!
3/30/2022, 10:17:39 PM - INFO - Req!!!
3/30/2022, 10:22:00 PM - INFO - Req!!!
3/30/2022, 10:24:43 PM - INFO - Req!!!
3/30/2022, 10:27:49 PM - INFO - Req!!!
3/30/2022, 10:38:19 PM - INFO - Req!!!
3/30/2022, 10:52:28 PM - INFO - Req!!!
3/30/2022, 10:52:34 PM - INFO - Req!!!
3/30/2022, 11:37:16 PM - INFO - Req!!!
3/30/2022, 11:51:50 PM - INFO - Req!!!
3/30/2022, 11:52:03 PM - INFO - Req!!!
3/30/2022, 11:56:34 PM - INFO - Req!!!
3/31/2022, 12:11:50 AM - INFO - Req!!!
3/31/2022, 12:11:53 AM - INFO - Req!!!
3/31/2022, 12:23:52 AM - INFO - Req!!!
3/31/2022, 12:23:55 AM - INFO - Req!!!
3/31/2022, 12:24:58 AM - INFO - Req!!!
3/31/2022, 12:25:14 AM - INFO - Req!!!
3/31/2022, 1:04:09 AM - INFO - Req!!!
3/31/2022, 1:04:20 AM - INFO - Req!!!
3/31/2022, 1:15:30 AM - INFO - Server is running on port: 3030
